<?xml version="1.0" encoding="UTF-8"?>
<!-- Generated by org.testng.reporters.JUnitReportReporter -->
<testsuite skipped="0" hostname="DESKTOP-MNPTABN" name="SamePriorityDemo" tests="4" failures="0" timestamp="11 Feb 2020 18:51:27 GMT" time="0.031" errors="0">
  <testcase name="test_d" time="0.016" classname="SamePriorityDemo"/>
  <testcase name="test_c" time="0.015" classname="SamePriorityDemo"/>
  <testcase name="test_b" time="0.000" classname="SamePriorityDemo"/>
  <testcase name="test_a" time="0.000" classname="SamePriorityDemo"/>
</testsuite> <!-- SamePriorityDemo -->
