<?xml version="1.0" encoding="UTF-8"?>
<!-- Generated by org.testng.reporters.JUnitReportReporter -->
<testsuite skipped="0" hostname="DESKTOP-MNPTABN" name="WithoutPriorityDemo" tests="4" failures="0" timestamp="11 Feb 2020 18:56:20 GMT" time="0.000" errors="0">
  <testcase name="a_method" time="0.000" classname="WithoutPriorityDemo"/>
  <testcase name="d_method" time="0.000" classname="WithoutPriorityDemo"/>
  <testcase name="c_method" time="0.000" classname="WithoutPriorityDemo"/>
  <testcase name="b_method" time="0.000" classname="WithoutPriorityDemo"/>
</testsuite> <!-- WithoutPriorityDemo -->
