<?xml version="1.0" encoding="UTF-8"?>
<!-- Generated by org.testng.reporters.JUnitReportReporter -->
<testsuite skipped="0" hostname="DESKTOP-MNPTABN" name="BeforeAfterMethod" tests="2" failures="0" timestamp="20 Feb 2020 18:17:41 GMT" time="0.034" errors="0">
  <testcase name="positivecrential1" time="0.002" classname="BeforeAfterMethod"/>
  <testcase name="positivecredential2" time="0.032" classname="BeforeAfterMethod"/>
</testsuite> <!-- BeforeAfterMethod -->
