<?xml version="1.0" encoding="UTF-8"?>
<!-- Generated by org.testng.reporters.JUnitReportReporter -->
<testsuite skipped="0" hostname="DESKTOP-MNPTABN" name="MagentoTestNgDemo" tests="2" failures="0" timestamp="11 Feb 2020 18:26:47 GMT" time="136.925" errors="0">
  <testcase name="privatecredential1" time="53.483" classname="MagentoTestNgDemo"/>
  <testcase name="privatecredential2" time="83.442" classname="MagentoTestNgDemo"/>
</testsuite> <!-- MagentoTestNgDemo -->
