<?xml version="1.0" encoding="UTF-8"?>
<!-- Generated by org.testng.reporters.JUnitReportReporter -->
<testsuite skipped="0" hostname="DESKTOP-MNPTABN" name="PriorityDemo" tests="4" failures="0" timestamp="20 Feb 2020 18:17:58 GMT" time="0.029" errors="0">
  <testcase name="test_d" time="0.019" classname="PriorityDemo"/>
  <testcase name="test_c" time="0.005" classname="PriorityDemo"/>
  <testcase name="test_b" time="0.002" classname="PriorityDemo"/>
  <testcase name="test_a" time="0.003" classname="PriorityDemo"/>
</testsuite> <!-- PriorityDemo -->
